31-01-2023 19:20:05 - main - INFO - <module> - Start program
31-01-2023 19:20:09 - user_interface - INFO - menu - Start program
31-01-2023 19:22:04 - main - INFO - <module> - Start program
31-01-2023 19:22:06 - user_interface - INFO - menu - Stop program
31-01-2023 19:22:10 - main - INFO - <module> - Start program
31-01-2023 19:22:12 - user_interface - INFO - menu - Start program
31-01-2023 19:29:11 - main - INFO - <module> - Start program
31-01-2023 19:29:14 - user_interface - INFO - menu - Start program
31-01-2023 19:29:14 - user_interface - INFO - menu_calc1 - Rational numbers are selected
31-01-2023 19:29:20 - user_interface - INFO - menu_calc1 - sum (+) selected
31-01-2023 19:29:24 - user_interface - INFO - menu_calc1 - Rational numbers are selected
31-01-2023 19:31:04 - main - INFO - <module> - Start program
31-01-2023 19:31:06 - user_interface - INFO - menu_calc2 - Complex numbers are selected
31-01-2023 19:31:13 - user_interface - INFO - menu_calc2 - mul (*) selected
31-01-2023 19:31:22 - user_interface - INFO - menu_calc2 - Complex numbers are selected
31-01-2023 19:31:32 - user_interface - INFO - menu - Stop program
31-01-2023 19:31:32 - user_interface - INFO - menu_calc2 - Complex numbers are selected
31-01-2023 19:31:42 - user_interface - INFO - menu - Stop program
31-01-2023 19:31:42 - user_interface - INFO - menu_calc2 - Complex numbers are selected
31-01-2023 19:34:12 - main - INFO - <module> - Start program
31-01-2023 19:34:14 - user_interface - ERROR - menu - Incorrect menu selection
31-01-2023 19:34:19 - user_interface - INFO - menu - Stop program
31-01-2023 19:34:23 - user_interface - INFO - menu - Stop program
31-01-2023 19:34:25 - user_interface - INFO - menu - Start program
31-01-2023 19:34:25 - user_interface - INFO - menu_calc1 - Rational numbers are selected
31-01-2023 19:34:27 - user_interface - INFO - menu_calc1 - Rational numbers are selected
31-01-2023 19:36:02 - main - INFO - <module> - Start program
31-01-2023 19:36:04 - user_interface - INFO - menu - Stop program
31-01-2023 19:36:08 - main - INFO - <module> - Start program
31-01-2023 19:36:09 - user_interface - INFO - menu - Start program
31-01-2023 19:36:09 - user_interface - INFO - menu_calc1 - Rational numbers are selected
31-01-2023 19:36:26 - user_interface - INFO - menu - Stop program
31-01-2023 19:36:30 - main - INFO - <module> - Start program
31-01-2023 19:36:31 - user_interface - INFO - menu_calc2 - Complex numbers are selected
31-01-2023 19:36:39 - user_interface - ERROR - menu - Incorrect menu selection
31-01-2023 19:36:41 - user_interface - INFO - menu_calc2 - Complex numbers are selected
31-01-2023 19:36:46 - user_interface - INFO - menu_calc2 - Complex numbers are selected
31-01-2023 19:36:49 - user_interface - INFO - menu_calc2 - div (/) selected
31-01-2023 19:36:53 - user_interface - INFO - menu_calc2 - Complex numbers are selected
31-01-2023 19:42:10 - user_interface - ERROR - menu - Incorrect menu selection
31-01-2023 19:42:10 - user_interface - ERROR - menu - Incorrect menu selection
31-01-2023 19:42:13 - user_interface - INFO - menu_calc2 - Complex numbers are selected
31-01-2023 19:42:32 - user_interface - INFO - menu_calc2 - sum (+) selected
31-01-2023 19:42:36 - user_interface - INFO - menu_calc2 - Complex numbers are selected
31-01-2023 19:42:43 - user_interface - INFO - menu - Stop program
31-01-2023 19:42:43 - user_interface - INFO - menu_calc2 - Complex numbers are selected
31-01-2023 19:42:48 - user_interface - INFO - menu - Stop program
31-01-2023 19:42:48 - user_interface - INFO - menu_calc2 - Complex numbers are selected
31-01-2023 19:43:36 - main - INFO - <module> - Start program
31-01-2023 19:43:39 - user_interface - INFO - menu_calc2 - Complex numbers are selected
31-01-2023 19:43:46 - user_interface - INFO - menu_calc2 - div (/) selected
31-01-2023 19:43:50 - user_interface - INFO - menu_calc2 - Complex numbers are selected
31-01-2023 19:44:00 - user_interface - INFO - menu - Stop program
31-01-2023 19:44:00 - user_interface - INFO - menu_calc2 - Complex numbers are selected
31-01-2023 19:44:07 - user_interface - INFO - menu_calc2 - mul (*) selected
31-01-2023 19:44:11 - user_interface - INFO - menu_calc2 - Complex numbers are selected
31-01-2023 19:44:19 - user_interface - INFO - menu_calc2 - sub (-) selected
31-01-2023 19:44:22 - user_interface - INFO - menu_calc2 - Complex numbers are selected
31-01-2023 19:44:26 - user_interface - INFO - menu - Stop program
31-01-2023 19:44:26 - user_interface - INFO - menu_calc2 - Complex numbers are selected
31-01-2023 19:46:32 - main - INFO - <module> - Start program
31-01-2023 19:46:34 - user_interface - INFO - menu - Start program
31-01-2023 19:46:34 - user_interface - INFO - menu_calc1 - Rational numbers are selected
31-01-2023 19:46:41 - user_interface - INFO - menu_calc1 - integar div (//) selected
31-01-2023 19:46:43 - user_interface - INFO - menu_calc1 - Rational numbers are selected
31-01-2023 19:46:52 - user_interface - INFO - menu_calc1 - remainder div (%) selected
31-01-2023 19:46:54 - user_interface - INFO - menu_calc1 - Rational numbers are selected
31-01-2023 19:47:01 - user_interface - INFO - menu - Stop program
31-01-2023 19:47:01 - user_interface - INFO - menu_calc1 - Rational numbers are selected
31-01-2023 19:47:05 - user_interface - INFO - menu - Stop program
31-01-2023 19:47:05 - user_interface - INFO - menu_calc1 - Rational numbers are selected
31-01-2023 23:16:12 - main - INFO - <module> - Start program
31-01-2023 23:41:34 - main - INFO - <module> - Start program
31-01-2023 23:44:56 - main - INFO - <module> - Start program
31-01-2023 23:46:00 - main - INFO - <module> - Start program
01-02-2023 02:25:28 - main - INFO - <module> - Start program
01-02-2023 02:25:30 - user_interface - INFO - menu - Stop program
01-02-2023 02:25:35 - main - INFO - <module> - Start program
01-02-2023 02:25:39 - user_interface - INFO - menu_calc2 - Complex numbers are selected
01-02-2023 02:25:42 - user_interface - INFO - menu_calc2 - mul (*) selected
01-02-2023 02:25:46 - user_interface - INFO - menu_calc2 - Complex numbers are selected
01-02-2023 02:26:01 - user_interface - INFO - menu - Stop program
01-02-2023 02:26:01 - user_interface - INFO - menu_calc2 - Complex numbers are selected
01-02-2023 02:26:13 - user_interface - INFO - menu_calc2 - div (/) selected
01-02-2023 02:26:16 - user_interface - INFO - menu_calc2 - Complex numbers are selected
01-02-2023 02:26:20 - user_interface - INFO - menu - Start program
01-02-2023 02:26:20 - user_interface - INFO - menu_calc1 - Rational numbers are selected
01-02-2023 02:26:23 - user_interface - INFO - menu_calc1 - remainder div (%) selected
01-02-2023 02:26:26 - user_interface - INFO - menu_calc1 - Rational numbers are selected
01-02-2023 02:26:41 - user_interface - INFO - menu - Stop program
01-02-2023 02:26:41 - user_interface - INFO - menu_calc1 - Rational numbers are selected
01-02-2023 02:26:42 - user_interface - INFO - menu_calc1 - mul (*) selected
01-02-2023 02:26:44 - user_interface - INFO - menu_calc1 - Rational numbers are selected
01-02-2023 02:29:31 - main - INFO - <module> - Start program
01-02-2023 02:29:35 - user_interface - INFO - menu - Start program
01-02-2023 02:29:35 - user_interface - INFO - menu_calc1 - Rational numbers are selected
01-02-2023 02:29:36 - user_interface - INFO - menu_calc1 - sum (+) selected
01-02-2023 02:29:44 - user_interface - ERROR - rational_data - Incorrect user input!
01-02-2023 02:29:51 - user_interface - ERROR - rational_data - Incorrect user input!
01-02-2023 02:30:01 - user_interface - ERROR - rational_data - Incorrect user input!
01-02-2023 02:30:03 - user_interface - ERROR - rational_data - Incorrect user input!
01-02-2023 02:31:41 - main - INFO - <module> - Start program
01-02-2023 02:31:43 - user_interface - INFO - menu - Start program
01-02-2023 02:31:43 - user_interface - INFO - menu_calc1 - Rational numbers are selected
01-02-2023 02:31:44 - user_interface - INFO - menu_calc1 - sum (+) selected
01-02-2023 02:31:46 - user_interface - ERROR - rational_data - Incorrect user input!
01-02-2023 02:31:48 - user_interface - ERROR - rational_data - Incorrect user input!
01-02-2023 02:32:49 - main - INFO - <module> - Start program
01-02-2023 02:32:51 - user_interface - INFO - menu - Start program
01-02-2023 02:32:51 - user_interface - INFO - menu_calc1 - Rational numbers are selected
01-02-2023 02:32:52 - user_interface - INFO - menu_calc1 - sum (+) selected
01-02-2023 02:32:54 - user_interface - ERROR - rational_data - Incorrect user input!
01-02-2023 02:32:57 - user_interface - ERROR - rational_data - Incorrect user input!
01-02-2023 02:33:25 - main - INFO - <module> - Start program
01-02-2023 02:33:27 - user_interface - INFO - menu - Start program
01-02-2023 02:33:27 - user_interface - INFO - menu_calc1 - Rational numbers are selected
01-02-2023 02:33:29 - user_interface - INFO - menu_calc1 - sum (+) selected
01-02-2023 02:33:31 - user_interface - ERROR - rational_data - Incorrect user input!
01-02-2023 02:33:32 - user_interface - ERROR - rational_data - Incorrect user input!
01-02-2023 02:34:17 - main - INFO - <module> - Start program
01-02-2023 02:34:19 - user_interface - INFO - menu - Start program
01-02-2023 02:34:19 - user_interface - INFO - menu_calc1 - Rational numbers are selected
01-02-2023 02:34:20 - user_interface - INFO - menu_calc1 - sum (+) selected
01-02-2023 02:34:21 - user_interface - ERROR - rational_data - Incorrect user input!
01-02-2023 02:34:23 - user_interface - ERROR - rational_data - Incorrect user input!
01-02-2023 02:36:24 - main - INFO - <module> - Start program
01-02-2023 02:36:26 - user_interface - INFO - menu - Start program
01-02-2023 02:36:26 - user_interface - INFO - menu_calc1 - Rational numbers are selected
01-02-2023 02:36:27 - user_interface - INFO - menu_calc1 - sum (+) selected
01-02-2023 02:36:28 - user_interface - ERROR - rational_data - Incorrect user input!
01-02-2023 02:36:31 - user_interface - ERROR - rational_data - Incorrect user input!
01-02-2023 02:36:34 - user_interface - INFO - menu_calc1 - Rational numbers are selected
01-02-2023 02:37:21 - user_interface - INFO - menu_calc1 - Incorrect menu selection
01-02-2023 02:37:21 - user_interface - INFO - menu_calc1 - Rational numbers are selected
01-02-2023 02:37:21 - user_interface - INFO - menu_calc1 - Incorrect menu selection
01-02-2023 02:37:21 - user_interface - INFO - menu_calc1 - Rational numbers are selected
01-02-2023 02:37:30 - user_interface - INFO - menu - Stop program
01-02-2023 02:37:30 - user_interface - INFO - menu_calc1 - Rational numbers are selected
01-02-2023 02:37:37 - main - INFO - <module> - Start program
01-02-2023 02:37:38 - user_interface - INFO - menu - Start program
01-02-2023 02:37:38 - user_interface - INFO - menu_calc1 - Rational numbers are selected
01-02-2023 02:37:40 - user_interface - INFO - menu_calc1 - sum (+) selected
01-02-2023 02:37:41 - user_interface - ERROR - rational_data - Incorrect user input!
01-02-2023 02:37:44 - user_interface - ERROR - rational_data - Incorrect user input!
01-02-2023 02:37:49 - user_interface - INFO - menu_calc1 - Rational numbers are selected
01-02-2023 02:42:38 - main - INFO - <module> - Start program
01-02-2023 02:42:40 - user_interface - INFO - menu - Start program
01-02-2023 02:42:40 - user_interface - INFO - menu_calc1 - Rational numbers are selected
01-02-2023 02:42:42 - user_interface - INFO - menu_calc1 - sum (+) selected
01-02-2023 02:42:43 - user_interface - ERROR - rational_data - Incorrect user input!
01-02-2023 02:42:47 - user_interface - ERROR - rational_data - Incorrect user input!
01-02-2023 02:42:50 - mod_calc - INFO - sum - sum (+): False + False
01-02-2023 02:42:50 - user_interface - INFO - menu_calc1 - Rational numbers are selected
01-02-2023 02:44:18 - main - INFO - <module> - Start program
01-02-2023 02:44:20 - user_interface - INFO - menu - Start program
01-02-2023 02:44:20 - user_interface - INFO - menu_calc1 - Rational numbers are selected
01-02-2023 02:44:20 - user_interface - INFO - menu_calc1 - sum (+) selected
01-02-2023 02:44:23 - mod_calc - INFO - sum - sum (+): False + False
01-02-2023 02:44:23 - user_interface - INFO - menu_calc1 - Rational numbers are selected
01-02-2023 02:45:49 - user_interface - INFO - menu_calc1 - Incorrect menu selection
01-02-2023 02:45:49 - user_interface - INFO - menu_calc1 - Rational numbers are selected
01-02-2023 02:45:49 - user_interface - INFO - menu_calc1 - Incorrect menu selection
01-02-2023 02:45:49 - user_interface - INFO - menu_calc1 - Rational numbers are selected
01-02-2023 02:45:58 - main - INFO - <module> - Start program
01-02-2023 02:45:59 - user_interface - INFO - menu - Start program
01-02-2023 02:45:59 - user_interface - INFO - menu_calc1 - Rational numbers are selected
01-02-2023 02:46:01 - user_interface - INFO - menu_calc1 - sum (+) selected
01-02-2023 02:46:02 - user_interface - ERROR - rational_data - Incorrect user input!
01-02-2023 02:46:07 - mod_calc - INFO - sum - sum (+): 3.0 + 6.0
01-02-2023 02:46:07 - user_interface - INFO - menu_calc1 - Rational numbers are selected
01-02-2023 02:53:53 - main - INFO - <module> - Start program
01-02-2023 02:53:55 - user_interface - INFO - menu - Start program
01-02-2023 02:53:55 - user_interface - INFO - menu_calc1 - Rational numbers are selected
01-02-2023 02:53:57 - user_interface - INFO - menu_calc1 - div (/) selected
01-02-2023 02:54:00 - excep - ERROR - check_zero_div - Division by zero
01-02-2023 02:54:00 - user_interface - INFO - menu_calc1 - Rational numbers are selected
01-02-2023 02:54:08 - user_interface - INFO - menu_calc1 - integar div (//) selected
01-02-2023 02:54:11 - excep - ERROR - check_zero_div - Division by zero
01-02-2023 02:54:11 - user_interface - INFO - menu_calc1 - Rational numbers are selected
01-02-2023 02:54:18 - user_interface - INFO - menu_calc2 - Complex numbers are selected
01-02-2023 02:54:24 - user_interface - INFO - menu_calc2 - div (/) selected
01-02-2023 02:54:31 - excep - ERROR - check_zero_div - Division by zero
01-02-2023 02:54:31 - user_interface - INFO - menu_calc2 - Complex numbers are selected
01-02-2023 02:54:36 - user_interface - INFO - menu - Start program
01-02-2023 02:54:36 - user_interface - INFO - menu_calc1 - Rational numbers are selected
01-02-2023 02:54:39 - user_interface - INFO - menu_calc1 - remainder div (%) selected
01-02-2023 02:54:41 - excep - ERROR - check_zero_div - Division by zero
01-02-2023 02:54:41 - user_interface - INFO - menu_calc1 - Rational numbers are selected
01-02-2023 02:54:46 - user_interface - INFO - menu_calc1 - div (/) selected
01-02-2023 02:54:48 - mod_calc - INFO - div - div (/): 0.0 / 4.0 = 0.0
01-02-2023 02:54:48 - user_interface - INFO - menu_calc1 - Rational numbers are selected
02-02-2023 19:09:14 - main - INFO - <module> - Start program
02-02-2023 19:09:18 - user_interface - INFO - menu - Start program
02-02-2023 19:09:18 - user_interface - INFO - menu_calc1 - Rational numbers are selected
02-02-2023 19:09:21 - user_interface - INFO - menu_calc1 - div (/) selected
02-02-2023 19:09:24 - mod_calc - INFO - div - div (/): 4.0 / 5.0 = 0.8
02-02-2023 19:09:24 - user_interface - INFO - menu_calc1 - Rational numbers are selected
02-02-2023 19:09:27 - user_interface - INFO - menu - Stop program
02-02-2023 19:09:27 - user_interface - INFO - menu_calc1 - Rational numbers are selected
02-02-2023 19:09:33 - user_interface - INFO - menu - Stop program
02-02-2023 19:09:33 - user_interface - INFO - menu_calc1 - Rational numbers are selected
02-02-2023 19:31:39 - user_interface - INFO - menu_calc1 - Incorrect menu selection
02-02-2023 19:31:39 - user_interface - INFO - menu_calc1 - Rational numbers are selected
02-02-2023 19:31:39 - user_interface - INFO - menu_calc1 - Incorrect menu selection
02-02-2023 19:31:39 - user_interface - INFO - menu_calc1 - Rational numbers are selected
02-02-2023 19:31:47 - main - INFO - <module> - Start program
02-02-2023 19:31:49 - user_interface - INFO - menu - Start program
02-02-2023 19:31:49 - user_interface - INFO - menu_calc1 - Rational numbers are selected
02-02-2023 19:31:53 - user_interface - INFO - menu_calc1 - Incorrect menu selection
02-02-2023 19:31:53 - user_interface - INFO - menu_calc1 - Rational numbers are selected
02-02-2023 19:31:59 - user_interface - INFO - menu_calc1 - Incorrect menu selection
02-02-2023 19:31:59 - user_interface - INFO - menu_calc1 - Rational numbers are selected
02-02-2023 19:32:13 - user_interface - INFO - menu - Stop program
02-02-2023 19:32:13 - user_interface - INFO - menu_calc1 - Rational numbers are selected
02-02-2023 19:35:47 - main - INFO - <module> - Start program
02-02-2023 19:35:49 - user_interface - INFO - menu - Start program
02-02-2023 19:35:49 - user_interface - INFO - menu_calc1 - Rational numbers are selected
02-02-2023 19:35:53 - user_interface - INFO - menu - Stop program
